This is pdfTeX, Version 3.14159265-2.6-1.40.20 (TeX Live 2019/Debian) (preloaded format=pdflatex 2021.8.26)  27 AUG 2021 09:49
entering extended mode
 restricted \write18 enabled.
 file:line:error style messages enabled.
 %&-line parsing enabled.
**/home/bwinte19/ssa/sha3-verification/paper/paper.tex
(/home/bwinte19/ssa/sha3-verification/paper/paper.tex
LaTeX2e <2020-02-02> patch level 2
L3 programming layer <2020-02-14> (/home/bwinte19/ssa/sha3-verification/paper/acmart.cls
Document Class: acmart 2021/05/01 v1.78 Typesetting articles for the Association for Computing Machinery
(/usr/share/texlive/texmf-dist/tex/latex/xkeyval/xkeyval.sty
Package: xkeyval 2014/12/03 v2.7a package option processing (HA)
 (/usr/share/texlive/texmf-dist/tex/generic/xkeyval/xkeyval.tex (/usr/share/texlive/texmf-dist/tex/generic/xkeyval/xkvutils.tex
\XKV@toks=\toks14
\XKV@tempa@toks=\toks15
 (/usr/share/texlive/texmf-dist/tex/generic/xkeyval/keyval.tex))
\XKV@depth=\count167
File: xkeyval.tex 2014/12/03 v2.7a key=value parser (HA)
))

! LaTeX Error: File `xstring.sty' not found.

Type X to quit or <RETURN> to proceed,
or enter new name. (Default extension: sty)

Enter file name: 
/home/bwinte19/ssa/sha3-verification/paper/acmart.cls:48: Emergency stop.
<read *> 
         
l.48 \RequirePackage
                    {iftex}^^M
*** (cannot \read from terminal in nonstop modes)

 
Here is how much of TeX's memory you used:
 247 strings out of 483183
 3896 string characters out of 5966292
 231602 words of memory out of 5000000
 15344 multiletter control sequences out of 15000+600000
 532338 words of font info for 24 fonts, out of 8000000 for 9000
 14 hyphenation exceptions out of 8191
 29i,0n,23p,225b,22s stack positions out of 5000i,500n,10000p,200000b,80000s
/home/bwinte19/ssa/sha3-verification/paper/acmart.cls:48:  ==> Fatal error occurred, no output PDF file produced!
